<?xml version="1.0" encoding="UTF-8"?>
<testsuite xmlns:xsi="http://www.w3.org/2001/XMLSchema-instance" xsi:noNamespaceSchemaLocation="https://maven.apache.org/surefire/maven-surefire-plugin/xsd/surefire-test-report.xsd" name="Dao.EssayDaoTest" time="0.002" tests="2" errors="0" skipped="0" failures="0">
  <properties>
    <property name="awt.toolkit" value="sun.awt.X11.XToolkit"/>
    <property name="file.encoding.pkg" value="sun.io"/>
    <property name="java.specification.version" value="1.8"/>
    <property name="sun.cpu.isalist" value=""/>
    <property name="sun.jnu.encoding" value="UTF-8"/>
    <property name="java.class.path" value="/home/harden/IdeaProjects/WBlog/target/test-classes:/home/harden/IdeaProjects/WBlog/target/classes:/opt/repository/junit/junit/4.11/junit-4.11.jar:/opt/repository/org/hamcrest/hamcrest-core/1.3/hamcrest-core-1.3.jar:/opt/repository/javax/servlet/javax.servlet-api/4.0.1/javax.servlet-api-4.0.1.jar:/opt/repository/com/fasterxml/jackson/core/jackson-core/2.11.2/jackson-core-2.11.2.jar:/opt/repository/com/fasterxml/jackson/core/jackson-databind/2.11.2/jackson-databind-2.11.2.jar:/opt/repository/com/fasterxml/jackson/core/jackson-annotations/2.11.2/jackson-annotations-2.11.2.jar:/opt/repository/com/alibaba/druid/1.1.23/druid-1.1.23.jar:/opt/repository/mysql/mysql-connector-java/8.0.21/mysql-connector-java-8.0.21.jar:/opt/repository/com/google/protobuf/protobuf-java/3.11.4/protobuf-java-3.11.4.jar:"/>
    <property name="java.vm.vendor" value="Oracle Corporation"/>
    <property name="sun.arch.data.model" value="64"/>
    <property name="java.vendor.url" value="http://java.oracle.com/"/>
    <property name="user.timezone" value=""/>
    <property name="java.vm.specification.version" value="1.8"/>
    <property name="os.name" value="Linux"/>
    <property name="user.country" value="US"/>
    <property name="sun.java.launcher" value="SUN_STANDARD"/>
    <property name="sun.boot.library.path" value="/usr/lib/jvm/jdk1.8.0_241/jre/lib/amd64"/>
    <property name="sun.java.command" value="/home/harden/IdeaProjects/WBlog/target/surefire/surefirebooter1630279230665433431.jar /home/harden/IdeaProjects/WBlog/target/surefire 2020-08-21T18-15-34_693-jvmRun1 surefire6136481743577186410tmp surefire_07226829428710654829tmp"/>
    <property name="surefire.test.class.path" value="/home/harden/IdeaProjects/WBlog/target/test-classes:/home/harden/IdeaProjects/WBlog/target/classes:/opt/repository/junit/junit/4.11/junit-4.11.jar:/opt/repository/org/hamcrest/hamcrest-core/1.3/hamcrest-core-1.3.jar:/opt/repository/javax/servlet/javax.servlet-api/4.0.1/javax.servlet-api-4.0.1.jar:/opt/repository/com/fasterxml/jackson/core/jackson-core/2.11.2/jackson-core-2.11.2.jar:/opt/repository/com/fasterxml/jackson/core/jackson-databind/2.11.2/jackson-databind-2.11.2.jar:/opt/repository/com/fasterxml/jackson/core/jackson-annotations/2.11.2/jackson-annotations-2.11.2.jar:/opt/repository/com/alibaba/druid/1.1.23/druid-1.1.23.jar:/opt/repository/mysql/mysql-connector-java/8.0.21/mysql-connector-java-8.0.21.jar:/opt/repository/com/google/protobuf/protobuf-java/3.11.4/protobuf-java-3.11.4.jar:"/>
    <property name="sun.cpu.endian" value="little"/>
    <property name="user.home" value="/home/harden"/>
    <property name="user.language" value="en"/>
    <property name="java.specification.vendor" value="Oracle Corporation"/>
    <property name="java.home" value="/usr/lib/jvm/jdk1.8.0_241/jre"/>
    <property name="basedir" value="/home/harden/IdeaProjects/WBlog"/>
    <property name="file.separator" value="/"/>
    <property name="line.separator" value="&#10;"/>
    <property name="java.vm.specification.vendor" value="Oracle Corporation"/>
    <property name="java.specification.name" value="Java Platform API Specification"/>
    <property name="java.awt.graphicsenv" value="sun.awt.X11GraphicsEnvironment"/>
    <property name="surefire.real.class.path" value="/home/harden/IdeaProjects/WBlog/target/surefire/surefirebooter1630279230665433431.jar"/>
    <property name="sun.boot.class.path" value="/usr/lib/jvm/jdk1.8.0_241/jre/lib/resources.jar:/usr/lib/jvm/jdk1.8.0_241/jre/lib/rt.jar:/usr/lib/jvm/jdk1.8.0_241/jre/lib/sunrsasign.jar:/usr/lib/jvm/jdk1.8.0_241/jre/lib/jsse.jar:/usr/lib/jvm/jdk1.8.0_241/jre/lib/jce.jar:/usr/lib/jvm/jdk1.8.0_241/jre/lib/charsets.jar:/usr/lib/jvm/jdk1.8.0_241/jre/lib/jfr.jar:/usr/lib/jvm/jdk1.8.0_241/jre/classes"/>
    <property name="sun.management.compiler" value="HotSpot 64-Bit Tiered Compilers"/>
    <property name="java.runtime.version" value="1.8.0_241-b07"/>
    <property name="user.name" value="harden"/>
    <property name="path.separator" value=":"/>
    <property name="os.version" value="5.7.12-arch1-1"/>
    <property name="java.endorsed.dirs" value="/usr/lib/jvm/jdk1.8.0_241/jre/lib/endorsed"/>
    <property name="java.runtime.name" value="Java(TM) SE Runtime Environment"/>
    <property name="file.encoding" value="UTF-8"/>
    <property name="java.vm.name" value="Java HotSpot(TM) 64-Bit Server VM"/>
    <property name="localRepository" value="/opt/repository"/>
    <property name="java.vendor.url.bug" value="http://bugreport.sun.com/bugreport/"/>
    <property name="java.io.tmpdir" value="/tmp"/>
    <property name="java.version" value="1.8.0_241"/>
    <property name="user.dir" value="/home/harden/IdeaProjects/WBlog"/>
    <property name="os.arch" value="amd64"/>
    <property name="java.vm.specification.name" value="Java Virtual Machine Specification"/>
    <property name="java.awt.printerjob" value="sun.print.PSPrinterJob"/>
    <property name="sun.os.patch.level" value="unknown"/>
    <property name="idea.version2019.3.3" value="true"/>
    <property name="java.library.path" value="/usr/java/packages/lib/amd64:/usr/lib64:/lib64:/lib:/usr/lib"/>
    <property name="java.vm.info" value="mixed mode"/>
    <property name="java.vendor" value="Oracle Corporation"/>
    <property name="java.vm.version" value="25.241-b07"/>
    <property name="java.ext.dirs" value="/usr/lib/jvm/jdk1.8.0_241/jre/lib/ext:/usr/java/packages/lib/ext"/>
    <property name="sun.io.unicode.encoding" value="UnicodeLittle"/>
    <property name="maven.repo.local" value="/opt/repository"/>
    <property name="java.class.version" value="52.0"/>
  </properties>
  <testcase name="getEssayTest" classname="Dao.EssayDaoTest" time="0"/>
  <testcase name="getStarTest" classname="Dao.EssayDaoTest" time="0.002"/>
</testsuite>